<?xml version="1.0" encoding="UTF-8"?>
<testng-results skipped="0" failed="0" ignored="0" total="1" passed="1">
  <reporter-output>
  </reporter-output>
  <suite name="Default suite" duration-ms="138129" started-at="2020-09-09T20:54:24 IST" finished-at="2020-09-09T20:56:42 IST">
    <groups>
    </groups>
    <test name="Default test" duration-ms="138129" started-at="2020-09-09T20:54:24 IST" finished-at="2020-09-09T20:56:42 IST">
      <class name="Facebook.Main">
        <test-method status="PASS" signature="OpenApp()[pri:0, instance:Facebook.Main@4f970963]" name="OpenApp" is-config="true" duration-ms="115318" started-at="2020-09-09T20:54:24 IST" finished-at="2020-09-09T20:56:19 IST">
          <reporter-output>
          </reporter-output>
        </test-method> <!-- OpenApp -->
        <test-method status="PASS" signature="script()[pri:0, instance:Facebook.Main@4f970963]" name="script" duration-ms="22545" started-at="2020-09-09T20:56:19 IST" finished-at="2020-09-09T20:56:42 IST">
          <reporter-output>
          </reporter-output>
        </test-method> <!-- script -->
      </class> <!-- Facebook.Main -->
    </test> <!-- Default test -->
  </suite> <!-- Default suite -->
</testng-results>
